2025/10/15 15:13:40 maxprocs: Leaving GOMAXPROCS=4: CPU quota undefined

                 / _|
  __ _ _ __ __ _| |_ __ _ _ __   __ _   _ __  _   _ _ __ ___  ___  ___ ___  _ __   ___
 / _' | '__/ _' |  _/ _' | '_ \ / _' | | '_ \| | | | '__/ _ \/ __|/ __/ _ \| '_ \ / _ \
| (_| | | | (_| | || (_| | | | | (_| | | |_) | |_| | | | (_) \__ \ (_| (_) | |_) |  __/
 \__, |_|  \__,_|_| \__,_|_| |_|\__,_| | .__/ \__, |_|  \___/|___/\___\___/| .__/ \___|
  __/ |                                | |     __/ |                       | |
 |___/                                 |_|    |___/                        |_|
 
ts=2025-10-15T15:13:40.0743974Z caller=server.go:383 level=info msg="server listening on addresses" http=[::]:4040 grpc=[::]:9095
ts=2025-10-15T15:13:40.079936065Z caller=modules.go:581 level=warn msg="no storage bucket configured, the admin component will not be loaded"
ts=2025-10-15T15:13:40.081415874Z caller=memberlist_client.go:484 level=info msg="Using memberlist cluster label and node name" cluster_label= node=codespaces-8ea580-9741422a
ts=2025-10-15T15:13:40.082227487Z caller=modules.go:158 level=warn msg="no storage bucket configured, ad hoc profiles will not be loaded"
ts=2025-10-15T15:13:40.087871428Z caller=settings.go:42 level=warn component=tenant-settings msg="using in-memory settings store, changes will be lost after shutdown"
ts=2025-10-15T15:13:40.09133744Z caller=worker.go:113 level=info component=querier-worker msg="Starting querier worker connected to query-scheduler" scheduler=
ts=2025-10-15T15:13:40.095740667Z caller=module_service.go:82 level=info msg=starting module=server
ts=2025-10-15T15:13:40.095906931Z caller=module_service.go:82 level=info msg=starting module=tenant-settings
ts=2025-10-15T15:13:40.095952987Z caller=module_service.go:82 level=info msg=starting module=memberlist-kv
ts=2025-10-15T15:13:40.095979746Z caller=module_service.go:82 level=info msg=starting module=overrides-exporter
ts=2025-10-15T15:13:40.09604056Z caller=module_service.go:82 level=info msg=starting module=usage-stats
ts=2025-10-15T15:13:40.096039003Z caller=module_service.go:82 level=info msg=starting module=version
ts=2025-10-15T15:13:40.096071554Z caller=module_service.go:82 level=info msg=starting module=ring
ts=2025-10-15T15:13:40.09618196Z caller=module_service.go:82 level=info msg=starting module=ingester
ts=2025-10-15T15:13:40.096187323Z caller=module_service.go:82 level=info msg=starting module=query-scheduler
ts=2025-10-15T15:13:40.096245171Z caller=lifecycler.go:687 level=info msg="not loading tokens from file, tokens file path is empty"
ts=2025-10-15T15:13:40.101307184Z caller=lifecycler.go:714 level=info msg="instance not found in ring, adding with no tokens" ring=ingester
ts=2025-10-15T15:13:40.101297115Z caller=basic_lifecycler.go:321 level=info component=scheduler msg="instance not found in the ring" instance=codespaces-8ea580 ring=query-scheduler
ts=2025-10-15T15:13:40.101451924Z caller=lifecycler.go:556 level=info msg="auto-joining cluster after timeout" ring=ingester
ts=2025-10-15T15:13:40.101583188Z caller=basic_lifecycler.go:321 level=info component=overrides-exporter msg="instance not found in the ring" instance=codespaces-8ea580 ring=overrides-exporter
ts=2025-10-15T15:13:40.101741954Z caller=module_service.go:82 level=info msg=starting module=querier
ts=2025-10-15T15:13:40.101855376Z caller=module_service.go:82 level=info msg=starting module=distributor
ts=2025-10-15T15:13:40.101894579Z caller=worker.go:215 level=info component=querier-worker msg="adding connection" addr=10.0.4.229:4040 in-use=true
ts=2025-10-15T15:13:40.10210459Z caller=ring.go:204 level=info component=overrides-exporter msg="waiting until overrides-exporter is ACTIVE in the ring"
ts=2025-10-15T15:13:40.102116272Z caller=ring.go:208 level=info component=overrides-exporter msg="overrides-exporter is ACTIVE in the ring"
ts=2025-10-15T15:13:40.10216386Z caller=module_service.go:82 level=info msg=starting module=query-frontend
ts=2025-10-15T15:13:40.10224959Z caller=basic_lifecycler.go:321 level=info component=distributor msg="instance not found in the ring" instance=codespaces-8ea580 ring=distributor
ts=2025-10-15T15:13:40.102278264Z caller=frontend_scheduler_worker.go:131 level=info component=frontend msg="adding connection to query-scheduler" addr=10.0.4.229:4040
ts=2025-10-15T15:13:40.102423174Z caller=pyroscope.go:586 level=info msg="Pyroscope started" version="(version=1.15.0, branch=HEAD, revision=38a40a93f)"
2025/10/15 22:35:54 maxprocs: Leaving GOMAXPROCS=4: CPU quota undefined

                 / _|
  __ _ _ __ __ _| |_ __ _ _ __   __ _   _ __  _   _ _ __ ___  ___  ___ ___  _ __   ___
 / _' | '__/ _' |  _/ _' | '_ \ / _' | | '_ \| | | | '__/ _ \/ __|/ __/ _ \| '_ \ / _ \
| (_| | | | (_| | || (_| | | | | (_| | | |_) | |_| | | | (_) \__ \ (_| (_) | |_) |  __/
 \__, |_|  \__,_|_| \__,_|_| |_|\__,_| | .__/ \__, |_|  \___/|___/\___\___/| .__/ \___|
  __/ |                                | |     __/ |                       | |
 |___/                                 |_|    |___/                        |_|
 
ts=2025-10-15T22:35:55.102150028Z caller=server.go:383 level=info msg="server listening on addresses" http=[::]:4040 grpc=[::]:9095
ts=2025-10-15T22:35:55.112540615Z caller=modules.go:581 level=warn msg="no storage bucket configured, the admin component will not be loaded"
ts=2025-10-15T22:35:55.115855422Z caller=memberlist_client.go:484 level=info msg="Using memberlist cluster label and node name" cluster_label= node=codespaces-8ea580-988932e6
ts=2025-10-15T22:35:55.116919939Z caller=settings.go:42 level=warn component=tenant-settings msg="using in-memory settings store, changes will be lost after shutdown"
ts=2025-10-15T22:35:55.190894248Z caller=worker.go:113 level=info component=querier-worker msg="Starting querier worker connected to query-scheduler" scheduler=
ts=2025-10-15T22:35:55.216129992Z caller=modules.go:158 level=warn msg="no storage bucket configured, ad hoc profiles will not be loaded"
ts=2025-10-15T22:35:55.218635859Z caller=module_service.go:82 level=info msg=starting module=server
ts=2025-10-15T22:35:55.219073144Z caller=module_service.go:82 level=info msg=starting module=memberlist-kv
ts=2025-10-15T22:35:55.219102629Z caller=module_service.go:82 level=info msg=starting module=tenant-settings
ts=2025-10-15T22:35:55.219133066Z caller=module_service.go:82 level=info msg=starting module=overrides-exporter
ts=2025-10-15T22:35:55.219200752Z caller=module_service.go:82 level=info msg=starting module=ring
ts=2025-10-15T22:35:55.21922106Z caller=module_service.go:82 level=info msg=starting module=version
ts=2025-10-15T22:35:55.219248762Z caller=module_service.go:82 level=info msg=starting module=usage-stats
ts=2025-10-15T22:35:55.219340573Z caller=module_service.go:82 level=info msg=starting module=query-scheduler
ts=2025-10-15T22:35:55.219470145Z caller=module_service.go:82 level=info msg=starting module=ingester
ts=2025-10-15T22:35:55.219675939Z caller=lifecycler.go:687 level=info msg="not loading tokens from file, tokens file path is empty"
ts=2025-10-15T22:35:55.345061078Z caller=basic_lifecycler.go:321 level=info component=overrides-exporter msg="instance not found in the ring" instance=codespaces-8ea580 ring=overrides-exporter
ts=2025-10-15T22:35:55.345636257Z caller=lifecycler.go:714 level=info msg="instance not found in ring, adding with no tokens" ring=ingester
ts=2025-10-15T22:35:55.345078027Z caller=basic_lifecycler.go:321 level=info component=scheduler msg="instance not found in the ring" instance=codespaces-8ea580 ring=query-scheduler
ts=2025-10-15T22:35:55.34572351Z caller=lifecycler.go:556 level=info msg="auto-joining cluster after timeout" ring=ingester
ts=2025-10-15T22:35:55.345141894Z caller=ring.go:365 level=info component=ring msg="ring doesn't exist in KV store yet"
ts=2025-10-15T22:35:55.345842684Z caller=module_service.go:82 level=info msg=starting module=distributor
ts=2025-10-15T22:35:55.345874716Z caller=module_service.go:82 level=info msg=starting module=querier
ts=2025-10-15T22:35:55.345899037Z caller=ring.go:204 level=info component=overrides-exporter msg="waiting until overrides-exporter is ACTIVE in the ring"
ts=2025-10-15T22:35:55.345912482Z caller=ring.go:208 level=info component=overrides-exporter msg="overrides-exporter is ACTIVE in the ring"
ts=2025-10-15T22:35:55.345911533Z caller=basic_lifecycler.go:321 level=info component=distributor msg="instance not found in the ring" instance=codespaces-8ea580 ring=distributor
ts=2025-10-15T22:35:55.345935315Z caller=module_service.go:82 level=info msg=starting module=query-frontend
ts=2025-10-15T22:35:55.346123669Z caller=worker.go:215 level=info component=querier-worker msg="adding connection" addr=10.0.2.185:4040 in-use=true
ts=2025-10-15T22:35:55.346250854Z caller=pyroscope.go:586 level=info msg="Pyroscope started" version="(version=1.15.0, branch=HEAD, revision=38a40a93f)"
ts=2025-10-15T22:35:55.346123701Z caller=frontend_scheduler_worker.go:131 level=info component=frontend msg="adding connection to query-scheduler" addr=10.0.2.185:4040
